2025-02-28 18:02:00,200 root INFO: Getting started with the program.
2025-02-28 18:02:00,205 root INFO: Устаревшие лог-файлы удалены.
2025-02-28 18:02:00,207 root INFO: Data for connection are loaded
2025-02-28 18:02:00,767 root INFO: Database connection is completed successfully.
2025-02-28 18:02:00,767 root INFO: Sending a request for data in the range from 2023-04-03 00:00:00 to 2023-04-03 00:30:00.
2025-02-28 18:02:41,049 root INFO: The request was completed successfully.
2025-02-28 18:02:41,574 root INFO: Data is successfully loaded into the database.
2025-02-28 18:02:41,575 root INFO: All data for the selected period has been loaded into the database. The connection to the database was interrupted.
2025-02-28 18:02:41,575 root INFO: Data has been aggregated successfully.
2025-02-28 18:02:44,020 root INFO: Connection to Google Sheets is complete.
2025-02-28 18:02:44,271 root INFO: Aggregated data written to Google Sheets successfully
2025-02-28 18:02:45,436 root INFO: Email message sent.
2025-02-28 18:06:12,091 root INFO: Getting started with the program.
2025-02-28 18:06:12,095 root INFO: Устаревшие лог-файлы удалены.
2025-02-28 18:06:12,096 root INFO: Data for connection are loaded
2025-02-28 18:06:12,215 root INFO: Database connection is completed successfully.
2025-02-28 18:06:12,215 root INFO: Sending a request for data in the range from 2023-04-03 00:00:00 to 2023-04-03 00:30:00.
2025-02-28 18:06:54,285 root INFO: The request was completed successfully.
2025-02-28 18:06:54,323 root INFO: Data is successfully loaded into the database.
2025-02-28 18:06:54,323 root INFO: All data for the selected period has been loaded into the database. The connection to the database was interrupted.
2025-02-28 18:06:54,323 root INFO: Data has been aggregated successfully.
2025-02-28 18:06:56,334 root INFO: Connection to Google Sheets is complete.
2025-02-28 18:06:57,202 root INFO: Aggregated data written to Google Sheets successfully
2025-02-28 18:06:58,510 root INFO: Email message sent.
2025-02-28 18:43:32,925 root INFO: Getting started with the program.
2025-02-28 18:43:32,930 root INFO: Устаревшие лог-файлы удалены.
2025-02-28 18:43:32,931 root INFO: Data for connection are loaded
2025-02-28 18:43:33,457 root INFO: Database connection is completed successfully.
2025-02-28 18:43:33,457 root INFO: Sending a request for data in the range from 2023-04-03 00:00:00 to 2023-04-03 00:30:00.
2025-02-28 18:44:15,286 root INFO: The request was completed successfully.
2025-02-28 18:44:15,587 root INFO: Data is successfully loaded into the database.
2025-02-28 18:44:15,587 root INFO: All data for the selected period has been loaded into the database. The connection to the database was interrupted.
2025-02-28 18:44:15,587 root INFO: Data has been aggregated successfully.
2025-02-28 18:44:18,594 root INFO: Connection to Google Sheets is complete.
2025-02-28 18:44:19,820 root INFO: Aggregated data written to Google Sheets successfully
2025-02-28 18:44:20,822 root INFO: Email message sent.
2025-02-28 19:23:19,674 root INFO: Getting started with the program.
2025-02-28 19:23:19,678 root INFO: Устаревшие лог-файлы удалены.
2025-02-28 19:23:19,680 root INFO: Data for connection are loaded
2025-02-28 19:23:20,209 root INFO: Database connection is completed successfully.
2025-02-28 19:23:20,209 root INFO: Sending a request for data in the range from 2023-04-03 00:00:00 to 2023-04-03 00:30:00.
2025-02-28 19:24:00,320 root INFO: The request was completed successfully.
2025-02-28 19:24:00,727 root INFO: Data is successfully loaded into the database.
2025-02-28 19:24:00,727 root INFO: All data for the selected period has been loaded into the database. The connection to the database was interrupted.
2025-02-28 19:24:00,728 root INFO: Data has been aggregated successfully.
2025-02-28 19:24:04,006 root INFO: Connection to Google Sheets is complete.
2025-02-28 19:24:04,316 root INFO: Aggregated data written to Google Sheets successfully
2025-02-28 19:24:05,453 root INFO: Email message sent.
2025-02-28 19:34:15,547 root INFO: Getting started with the program.
2025-02-28 19:34:15,552 root INFO: Устаревшие лог-файлы удалены.
2025-02-28 19:34:15,552 root ERROR: name 'json' is not defined
Traceback (most recent call last):
  File "C:\Users\Владимир\PycharmProjects\pythonProject1\python_project_214.py", line 268, in <module>
    lp = LoadParams('params.txt')
  File "C:\Users\Владимир\PycharmProjects\pythonProject1\python_project_214_lib.py", line 135, in __init__
    configs = json.loads(json_str)
              ^^^^
NameError: name 'json' is not defined. Did you forget to import 'json'?
2025-02-28 19:36:00,281 root INFO: Getting started with the program.
2025-02-28 19:36:00,287 root INFO: Устаревшие лог-файлы удалены.
2025-02-28 19:36:00,288 root INFO: Data for connection are loaded
2025-02-28 19:36:00,836 root INFO: Database connection is completed successfully.
2025-02-28 19:36:00,836 root INFO: Sending a request for data in the range from 2023-04-03 00:00:00 to 2023-04-03 00:30:00.
2025-02-28 19:36:42,690 root INFO: The request was completed successfully.
2025-02-28 19:36:43,177 root INFO: Data is successfully loaded into the database.
2025-02-28 19:36:43,177 root INFO: All data for the selected period has been loaded into the database. The connection to the database was interrupted.
2025-02-28 19:36:43,177 root INFO: Data has been aggregated successfully.
2025-02-28 19:36:45,767 root INFO: Connection to Google Sheets is complete.
2025-02-28 19:36:46,013 root INFO: Aggregated data written to Google Sheets successfully
2025-02-28 19:36:46,071 root ERROR: name 'datetime' is not defined
Traceback (most recent call last):
  File "C:\Users\Владимир\PycharmProjects\pythonProject1\python_project_214.py", line 367, in <module>
    send_email(message)
    ~~~~~~~~~~^^^^^^^^^
  File "C:\Users\Владимир\PycharmProjects\pythonProject1\python_project_214_lib.py", line 219, in send_email
    subject = f'Loading data on {datetime.strftime(START, '%Y-%m-%d')}.'
                                 ^^^^^^^^
NameError: name 'datetime' is not defined. Did you forget to import 'datetime'?
2025-02-28 19:39:09,551 root INFO: Getting started with the program.
2025-02-28 19:39:09,557 root INFO: Устаревшие лог-файлы удалены.
2025-02-28 19:39:09,559 root INFO: Data for connection are loaded
2025-02-28 19:39:09,679 root INFO: Database connection is completed successfully.
2025-02-28 19:39:09,679 root INFO: Sending a request for data in the range from 2023-04-03 00:00:00 to 2023-04-03 00:30:00.
2025-02-28 19:39:48,810 root INFO: The request was completed successfully.
2025-02-28 19:39:48,849 root INFO: Data is successfully loaded into the database.
2025-02-28 19:39:48,849 root INFO: All data for the selected period has been loaded into the database. The connection to the database was interrupted.
2025-02-28 19:39:48,850 root INFO: Data has been aggregated successfully.
2025-02-28 19:39:50,800 root INFO: Connection to Google Sheets is complete.
2025-02-28 19:39:51,048 root INFO: Aggregated data written to Google Sheets successfully
2025-02-28 19:39:51,095 root ERROR: name 'START' is not defined
Traceback (most recent call last):
  File "C:\Users\Владимир\PycharmProjects\pythonProject1\python_project_214.py", line 367, in <module>
    send_email(message)
    ~~~~~~~~~~^^^^^^^^^
  File "C:\Users\Владимир\PycharmProjects\pythonProject1\python_project_214_lib.py", line 220, in send_email
    subject = f'Loading data on {datetime.strftime(START, '%Y-%m-%d')}.'
                                                   ^^^^^
NameError: name 'START' is not defined
2025-02-28 19:42:42,517 root INFO: Getting started with the program.
2025-02-28 19:42:42,522 root INFO: Устаревшие лог-файлы удалены.
2025-02-28 19:42:42,524 root INFO: Data for connection are loaded
2025-02-28 19:42:42,653 root INFO: Database connection is completed successfully.
2025-02-28 19:42:42,653 root INFO: Sending a request for data in the range from 2023-04-03 00:00:00 to 2023-04-03 00:30:00.
2025-02-28 19:43:24,877 root INFO: The request was completed successfully.
2025-02-28 19:43:24,917 root INFO: Data is successfully loaded into the database.
2025-02-28 19:43:24,917 root INFO: All data for the selected period has been loaded into the database. The connection to the database was interrupted.
2025-02-28 19:43:24,917 root INFO: Data has been aggregated successfully.
2025-02-28 19:43:27,302 root INFO: Connection to Google Sheets is complete.
2025-02-28 19:43:28,130 root INFO: Aggregated data written to Google Sheets successfully
2025-02-28 19:43:29,250 root INFO: Email message sent.
2025-02-28 19:55:47,433 root INFO: Getting started with the program.
2025-02-28 19:55:47,439 root INFO: Устаревшие лог-файлы удалены.
2025-02-28 19:55:47,440 root INFO: Data for connection are loaded
2025-02-28 19:55:47,735 root INFO: Database connection is completed successfully.
2025-02-28 19:55:47,735 root INFO: Sending a request for data in the range from 2023-04-03 00:00:00 to 2023-04-03 00:30:00.
2025-02-28 19:56:29,092 root INFO: The request was completed successfully.
2025-02-28 19:56:29,576 root INFO: Data is successfully loaded into the database.
2025-02-28 19:56:29,577 root INFO: All data for the selected period has been loaded into the database. The connection to the database was interrupted.
2025-02-28 19:56:29,577 root INFO: Data has been aggregated successfully.
2025-02-28 19:56:31,637 root INFO: Connection to Google Sheets is complete.
2025-02-28 19:56:32,579 root INFO: Aggregated data written to Google Sheets successfully
2025-02-28 19:56:33,657 root INFO: Email message sent.
2025-02-28 20:18:29,804 root INFO: Getting started with the program.
2025-02-28 20:18:29,809 root INFO: Устаревшие лог-файлы удалены.
2025-02-28 20:18:29,810 root INFO: Data for connection are loaded
2025-02-28 20:18:30,350 root INFO: Database connection is completed successfully.
2025-02-28 20:18:30,350 root INFO: Sending a request for data in the range from 2023-04-03 00:00:00 to 2023-04-03 00:30:00.
2025-02-28 20:19:11,887 root INFO: The request was completed successfully.
2025-02-28 20:19:12,357 root INFO: Data is successfully loaded into the database.
2025-02-28 20:19:12,357 root INFO: All data for the selected period has been loaded into the database. The connection to the database was interrupted.
2025-02-28 20:19:12,358 root INFO: Data has been aggregated successfully.
2025-02-28 20:19:15,016 root INFO: Connection to Google Sheets is complete.
2025-02-28 20:19:15,936 root INFO: Aggregated data written to Google Sheets successfully
2025-02-28 20:19:17,090 root INFO: Email message sent.
2025-02-28 20:29:37,037 root INFO: Getting started with the program.
2025-02-28 20:29:37,043 root INFO: Obsolete log files have been removed.
2025-02-28 20:29:37,044 root INFO: Data for connection are loaded
2025-02-28 20:29:37,564 root INFO: Database connection is completed successfully.
2025-02-28 20:29:37,564 root INFO: Sending a request for data in the range from 2023-04-03 00:00:00 to 2023-04-03 00:30:00.
2025-02-28 20:30:21,140 root INFO: The request was completed successfully.
2025-02-28 20:30:21,670 root INFO: Data is successfully loaded into the database.
2025-02-28 20:30:21,670 root INFO: All data for the selected period has been loaded into the database. The connection to the database was interrupted.
2025-02-28 20:30:21,671 root INFO: Data has been aggregated successfully.
2025-02-28 20:30:23,669 root INFO: Connection to Google Sheets is complete.
2025-02-28 20:30:23,911 root INFO: Aggregated data written to Google Sheets successfully
2025-02-28 20:30:25,149 root INFO: Email message sent.
2025-02-28 20:37:10,884 root INFO: Getting started with the program.
2025-02-28 20:37:10,889 root INFO: Obsolete log files have been removed.
2025-02-28 20:37:10,890 root INFO: Data for connection are loaded
2025-02-28 20:37:10,985 root INFO: Database connection is completed successfully.
2025-02-28 20:37:10,985 root INFO: Sending a request for data in the range from 2023-04-03 00:00:00 to 2023-04-03 00:30:00.
2025-02-28 20:37:55,110 root INFO: The request was completed successfully.
2025-02-28 20:37:55,160 root INFO: Data is successfully loaded into the database.
2025-02-28 20:37:55,160 root INFO: All data for the selected period has been loaded into the database. The connection to the database was interrupted.
2025-02-28 20:37:55,161 root INFO: Data has been aggregated successfully.
2025-02-28 20:37:56,471 root INFO: Connection to Google Sheets is complete.
2025-02-28 20:37:56,723 root INFO: Aggregated data written to Google Sheets successfully
2025-02-28 20:37:57,835 root INFO: Email message sent.
