2025-02-22 15:22:33,867 root INFO: Getting started with the program.
2025-02-22 15:22:33,872 root INFO: Устаревшие лог-файлы удалены.
2025-02-22 15:22:33,874 root INFO: Data for connection are loaded
2025-02-22 15:22:34,376 root INFO: Database connection is completed successfully.
2025-02-22 15:22:34,376 root INFO: Sending a request for data in the range from 2023-04-01 02:00:00 to 2023-04-01 03:00:00.
2025-02-22 15:23:21,536 root INFO: The request was completed successfully.
2025-02-22 15:23:22,035 root INFO: Data is successfully loaded into the database.
2025-02-22 15:23:22,035 root INFO: Sending a request for data in the range from 2023-04-01 03:00:00 to 2023-04-01 04:00:00.
2025-02-22 15:24:06,259 root INFO: The request was completed successfully.
2025-02-22 15:24:06,268 root INFO: Data is successfully loaded into the database.
2025-02-22 15:24:06,269 root INFO: Sending a request for data in the range from 2023-04-01 04:00:00 to 2023-04-01 05:00:00.
2025-02-22 15:24:51,225 root INFO: The request was completed successfully.
2025-02-22 15:24:51,245 root INFO: Data is successfully loaded into the database.
2025-02-22 15:24:51,245 root INFO: Sending a request for data in the range from 2023-04-01 05:00:00 to 2023-04-01 06:00:00.
2025-02-22 15:25:38,884 root INFO: The request was completed successfully.
2025-02-22 15:25:38,945 root INFO: Data is successfully loaded into the database.
2025-02-22 15:25:38,945 root INFO: Sending a request for data in the range from 2023-04-01 06:00:00 to 2023-04-01 07:00:00.
2025-02-22 15:26:26,089 root INFO: The request was completed successfully.
2025-02-22 15:26:26,261 root INFO: Data is successfully loaded into the database.
2025-02-22 15:26:26,261 root INFO: Sending a request for data in the range from 2023-04-01 07:00:00 to 2023-04-01 08:00:00.
2025-02-22 15:27:13,871 root INFO: The request was completed successfully.
2025-02-22 15:27:14,289 root INFO: Data is successfully loaded into the database.
2025-02-22 15:27:14,289 root INFO: Sending a request for data in the range from 2023-04-01 08:00:00 to 2023-04-01 09:00:00.
2025-02-22 15:28:04,368 root INFO: The request was completed successfully.
2025-02-22 15:28:04,743 root INFO: Data is successfully loaded into the database.
2025-02-22 15:28:04,743 root INFO: All data for the selected period has been loaded into the database. The connection to the database was interrupted.
2025-02-22 15:28:04,744 root INFO: Data has been aggregated successfully.
2025-02-22 15:28:07,475 root INFO: Connection to Google Sheets is complete.
2025-02-22 15:28:08,456 root INFO: Aggregated data written to Google Sheets successfully
2025-02-22 15:28:09,580 root INFO: Email message sent.
2025-02-22 16:25:41,228 root INFO: Getting started with the program.
2025-02-22 16:25:41,234 root INFO: Устаревшие лог-файлы удалены.
2025-02-22 16:25:41,235 root INFO: Data for connection are loaded
2025-02-22 16:25:41,866 root INFO: Database connection is completed successfully.
2025-02-22 16:25:41,867 root INFO: Sending a request for data in the range from 2023-04-01 00:00:00 to 2023-04-01 00:00:10.
2025-02-22 16:25:54,696 root INFO: The request was completed successfully.
2025-02-22 16:25:54,696 root INFO: Data is successfully loaded into the database.
2025-02-22 16:25:54,696 root INFO: All data for the selected period has been loaded into the database. The connection to the database was interrupted.
2025-02-22 16:25:54,696 root INFO: Data has been aggregated successfully.
2025-02-22 16:25:56,125 root INFO: Connection to Google Sheets is complete.
2025-02-22 16:25:56,976 root INFO: Aggregated data written to Google Sheets successfully
2025-02-22 16:25:58,092 root INFO: Email message sent.
2025-02-22 16:27:53,208 root INFO: Getting started with the program.
2025-02-22 16:27:53,214 root INFO: Устаревшие лог-файлы удалены.
2025-02-22 16:27:53,215 root INFO: Data for connection are loaded
2025-02-22 16:27:53,342 root INFO: Database connection is completed successfully.
2025-02-22 16:27:53,343 root INFO: Sending a request for data in the range from 2023-04-01 00:00:00 to 2023-04-01 00:10:00.
2025-02-22 16:29:04,577 root INFO: The request was completed successfully.
2025-02-22 16:29:04,589 root ERROR: name 'user_id' is not defined
Traceback (most recent call last):
  File "C:\Users\Владимир\PycharmProjects\pythonProject1\python_project_214.py", line 215, in <module>
    process.processing(row, dt)
    ~~~~~~~~~~~~~~~~~~^^^^^^^^^
  File "C:\Users\Владимир\PycharmProjects\pythonProject1\python_project_214.py", line 165, in processing
    self.id_uniq.add(user_id)
                     ^^^^^^^
NameError: name 'user_id' is not defined. Did you mean: 'self.user_id'?
2025-02-22 16:29:05,892 root INFO: Email message sent.
2025-02-22 16:33:42,200 root INFO: Getting started with the program.
2025-02-22 16:33:42,205 root INFO: Устаревшие лог-файлы удалены.
2025-02-22 16:33:42,206 root INFO: Data for connection are loaded
2025-02-22 16:33:42,307 root INFO: Database connection is completed successfully.
2025-02-22 16:33:42,307 root INFO: Sending a request for data in the range from 2023-04-01 00:00:00 to 2023-04-01 00:10:00.
2025-02-22 16:34:25,402 root INFO: The request was completed successfully.
2025-02-22 16:34:26,087 root INFO: Data is successfully loaded into the database.
2025-02-22 16:34:26,088 root INFO: All data for the selected period has been loaded into the database. The connection to the database was interrupted.
2025-02-22 16:34:26,088 root INFO: Data has been aggregated successfully.
2025-02-22 16:34:28,098 root INFO: Connection to Google Sheets is complete.
2025-02-22 16:34:28,949 root INFO: Aggregated data written to Google Sheets successfully
2025-02-22 16:34:31,079 root INFO: Email message sent.
2025-02-22 17:12:42,310 root INFO: Getting started with the program.
2025-02-22 17:12:42,315 root INFO: Устаревшие лог-файлы удалены.
2025-02-22 17:12:42,317 root INFO: Data for connection are loaded
2025-02-22 17:12:42,836 root INFO: Database connection is completed successfully.
2025-02-22 17:12:42,836 root INFO: Sending a request for data in the range from 2023-04-01 00:00:00 to 2023-04-01 00:10:00.
2025-02-22 17:13:23,506 root INFO: The request was completed successfully.
2025-02-22 17:13:24,043 root INFO: Data is successfully loaded into the database.
2025-02-22 17:13:24,043 root INFO: All data for the selected period has been loaded into the database. The connection to the database was interrupted.
2025-02-22 17:13:24,043 root INFO: Data has been aggregated successfully.
2025-02-22 17:13:25,966 root INFO: Connection to Google Sheets is complete.
2025-02-22 17:13:26,965 root INFO: Aggregated data written to Google Sheets successfully
2025-02-22 17:13:28,276 root INFO: Email message sent.
2025-02-22 17:19:56,163 root INFO: Getting started with the program.
2025-02-22 17:19:56,168 root INFO: Устаревшие лог-файлы удалены.
2025-02-22 17:19:56,169 root INFO: Data for connection are loaded
2025-02-22 17:19:56,257 root INFO: Database connection is completed successfully.
2025-02-22 17:19:56,257 root INFO: Sending a request for data in the range from 2023-04-01 00:00:00 to 2023-04-01 01:00:00.
2025-02-22 17:20:42,961 root INFO: The request was completed successfully.
2025-02-22 17:20:43,458 root INFO: Data is successfully loaded into the database.
2025-02-22 17:20:43,458 root INFO: Sending a request for data in the range from 2023-04-01 01:00:00 to 2023-04-01 02:00:00.
2025-02-22 17:21:27,309 root INFO: The request was completed successfully.
2025-02-22 17:21:27,334 root INFO: Data is successfully loaded into the database.
2025-02-22 17:21:27,334 root INFO: Sending a request for data in the range from 2023-04-01 02:00:00 to 2023-04-01 03:00:00.
2025-02-22 17:22:10,597 root INFO: The request was completed successfully.
2025-02-22 17:22:10,615 root INFO: Data is successfully loaded into the database.
2025-02-22 17:22:10,615 root INFO: Sending a request for data in the range from 2023-04-01 03:00:00 to 2023-04-01 04:00:00.
2025-02-22 17:22:55,479 root INFO: The request was completed successfully.
2025-02-22 17:22:55,489 root INFO: Data is successfully loaded into the database.
2025-02-22 17:22:55,489 root INFO: Sending a request for data in the range from 2023-04-01 04:00:00 to 2023-04-01 05:00:00.
2025-02-22 17:23:35,687 root INFO: The request was completed successfully.
2025-02-22 17:23:35,702 root INFO: Data is successfully loaded into the database.
2025-02-22 17:23:35,702 root INFO: Sending a request for data in the range from 2023-04-01 05:00:00 to 2023-04-01 06:00:00.
2025-02-22 17:24:15,915 root INFO: The request was completed successfully.
2025-02-22 17:24:15,973 root INFO: Data is successfully loaded into the database.
2025-02-22 17:24:15,973 root INFO: Sending a request for data in the range from 2023-04-01 06:00:00 to 2023-04-01 07:00:00.
2025-02-22 17:24:53,546 root INFO: The request was completed successfully.
2025-02-22 17:24:53,710 root INFO: Data is successfully loaded into the database.
2025-02-22 17:24:53,711 root INFO: Sending a request for data in the range from 2023-04-01 07:00:00 to 2023-04-01 08:00:00.
2025-02-22 17:25:38,604 root INFO: The request was completed successfully.
2025-02-22 17:25:38,886 root INFO: Data is successfully loaded into the database.
2025-02-22 17:25:38,886 root INFO: Sending a request for data in the range from 2023-04-01 08:00:00 to 2023-04-01 09:00:00.
2025-02-22 17:26:15,893 root INFO: The request was completed successfully.
2025-02-22 17:26:16,255 root INFO: Data is successfully loaded into the database.
2025-02-22 17:26:16,255 root INFO: Sending a request for data in the range from 2023-04-01 09:00:00 to 2023-04-01 10:00:00.
2025-02-22 17:26:56,852 root INFO: The request was completed successfully.
2025-02-22 17:26:57,159 root INFO: Data is successfully loaded into the database.
2025-02-22 17:26:57,160 root INFO: Sending a request for data in the range from 2023-04-01 10:00:00 to 2023-04-01 11:00:00.
2025-02-22 17:27:35,968 root INFO: The request was completed successfully.
2025-02-22 17:27:36,294 root INFO: Data is successfully loaded into the database.
2025-02-22 17:27:36,294 root INFO: Sending a request for data in the range from 2023-04-01 11:00:00 to 2023-04-01 12:00:00.
2025-02-22 17:28:15,679 root INFO: The request was completed successfully.
2025-02-22 17:28:16,211 root INFO: Data is successfully loaded into the database.
2025-02-22 17:28:16,211 root INFO: Sending a request for data in the range from 2023-04-01 12:00:00 to 2023-04-01 13:00:00.
2025-02-22 17:28:56,458 root INFO: The request was completed successfully.
2025-02-22 17:28:56,823 root INFO: Data is successfully loaded into the database.
2025-02-22 17:28:56,823 root INFO: Sending a request for data in the range from 2023-04-01 13:00:00 to 2023-04-01 14:00:00.
2025-02-22 17:29:34,823 root INFO: The request was completed successfully.
2025-02-22 17:29:35,144 root INFO: Data is successfully loaded into the database.
2025-02-22 17:29:35,144 root INFO: Sending a request for data in the range from 2023-04-01 14:00:00 to 2023-04-01 15:00:00.
2025-02-22 17:30:21,199 root INFO: The request was completed successfully.
2025-02-22 17:30:21,519 root INFO: Data is successfully loaded into the database.
2025-02-22 17:30:21,519 root INFO: Sending a request for data in the range from 2023-04-01 15:00:00 to 2023-04-01 16:00:00.
2025-02-22 17:31:02,188 root INFO: The request was completed successfully.
2025-02-22 17:31:02,617 root INFO: Data is successfully loaded into the database.
2025-02-22 17:31:02,617 root INFO: Sending a request for data in the range from 2023-04-01 16:00:00 to 2023-04-01 17:00:00.
2025-02-22 17:31:48,983 root INFO: The request was completed successfully.
2025-02-22 17:31:49,321 root INFO: Data is successfully loaded into the database.
2025-02-22 17:31:49,321 root INFO: Sending a request for data in the range from 2023-04-01 17:00:00 to 2023-04-01 18:00:00.
2025-02-22 17:32:34,248 root INFO: The request was completed successfully.
2025-02-22 17:32:34,582 root INFO: Data is successfully loaded into the database.
2025-02-22 17:32:34,582 root INFO: Sending a request for data in the range from 2023-04-01 18:00:00 to 2023-04-01 19:00:00.
2025-02-22 17:33:17,090 root INFO: The request was completed successfully.
2025-02-22 17:33:17,450 root INFO: Data is successfully loaded into the database.
2025-02-22 17:33:17,450 root INFO: Sending a request for data in the range from 2023-04-01 19:00:00 to 2023-04-01 20:00:00.
2025-02-22 17:33:59,195 root INFO: The request was completed successfully.
2025-02-22 17:33:59,584 root INFO: Data is successfully loaded into the database.
2025-02-22 17:33:59,584 root INFO: Sending a request for data in the range from 2023-04-01 20:00:00 to 2023-04-01 21:00:00.
2025-02-22 17:34:41,836 root INFO: The request was completed successfully.
2025-02-22 17:34:42,441 root INFO: Data is successfully loaded into the database.
2025-02-22 17:34:42,441 root INFO: Sending a request for data in the range from 2023-04-01 21:00:00 to 2023-04-01 22:00:00.
2025-02-22 17:35:26,562 root INFO: The request was completed successfully.
2025-02-22 17:35:26,820 root INFO: Data is successfully loaded into the database.
2025-02-22 17:35:26,820 root INFO: Sending a request for data in the range from 2023-04-01 22:00:00 to 2023-04-01 23:00:00.
2025-02-22 17:36:08,159 root INFO: The request was completed successfully.
2025-02-22 17:36:08,268 root INFO: Data is successfully loaded into the database.
2025-02-22 17:36:08,268 root INFO: Sending a request for data in the range from 2023-04-01 23:00:00 to 2023-04-02 00:00:00.
2025-02-22 17:36:50,143 root INFO: The request was completed successfully.
2025-02-22 17:36:50,199 root INFO: Data is successfully loaded into the database.
2025-02-22 17:36:50,199 root INFO: All data for the selected period has been loaded into the database. The connection to the database was interrupted.
2025-02-22 17:36:50,200 root INFO: Data has been aggregated successfully.
2025-02-22 17:36:52,750 root INFO: Connection to Google Sheets is complete.
2025-02-22 17:36:53,620 root INFO: Aggregated data written to Google Sheets successfully
2025-02-22 17:36:54,744 root INFO: Email message sent.
